<?xml version="1.0" encoding="UTF-8"?>
<coverage generated="1620362621598" clover="3.2.0">
  <project timestamp="1620362621598" name="All files">
    <metrics statements="9" coveredstatements="7" conditionals="0" coveredconditionals="0" methods="4" coveredmethods="2" elements="13" coveredelements="9" complexity="0" loc="9" ncloc="9" packages="1" files="2" classes="2"/>
    <file name="index.ts" path="/home/jigth/myCode/my-personal-projects/automated-email-sender/src/index.ts">
      <metrics statements="2" coveredstatements="2" conditionals="0" coveredconditionals="0" methods="1" coveredmethods="1"/>
      <line num="2" count="1" type="stmt"/>
      <line num="5" count="1" type="stmt"/>
    </file>
    <file name="men.ts" path="/home/jigth/myCode/my-personal-projects/automated-email-sender/src/men.ts">
      <metrics statements="7" coveredstatements="5" conditionals="0" coveredconditionals="0" methods="3" coveredmethods="1"/>
      <line num="1" count="1" type="stmt"/>
      <line num="2" count="0" type="stmt"/>
      <line num="5" count="1" type="stmt"/>
      <line num="6" count="1" type="stmt"/>
      <line num="9" count="1" type="stmt"/>
      <line num="10" count="0" type="stmt"/>
      <line num="13" count="1" type="stmt"/>
    </file>
  </project>
</coverage>
