{"/home/jigth/myCode/my-personal-projects/automated-email-sender/src/index.ts": {"path":"/home/jigth/myCode/my-personal-projects/automated-email-sender/src/index.ts","statementMap":{"0":{"start":{"line":2,"column":4},"end":{"line":2,"column":32}},"1":{"start":{"line":5,"column":0},"end":{"line":7,"column":null}}},"fnMap":{"0":{"name":"foo","decl":{"start":{"line":1,"column":9},"end":{"line":1,"column":12}},"loc":{"start":{"line":1,"column":12},"end":{"line":3,"column":1}}}},"branchMap":{},"s":{"0":1,"1":1},"f":{"0":1},"b":{}}
,"/home/jigth/myCode/my-personal-projects/automated-email-sender/src/men.ts": {"path":"/home/jigth/myCode/my-personal-projects/automated-email-sender/src/men.ts","statementMap":{"0":{"start":{"line":2,"column":4},"end":{"line":2,"column":16}},"1":{"start":{"line":1,"column":0},"end":{"line":1,"column":16}},"2":{"start":{"line":6,"column":4},"end":{"line":6,"column":21}},"3":{"start":{"line":5,"column":0},"end":{"line":5,"column":16}},"4":{"start":{"line":10,"column":4},"end":{"line":10,"column":34}},"5":{"start":{"line":9,"column":0},"end":{"line":9,"column":16}},"6":{"start":{"line":13,"column":0},"end":{"line":17,"column":null}}},"fnMap":{"0":{"name":"ok","decl":{"start":{"line":1,"column":16},"end":{"line":1,"column":18}},"loc":{"start":{"line":1,"column":18},"end":{"line":3,"column":1}}},"1":{"name":"ko","decl":{"start":{"line":5,"column":16},"end":{"line":5,"column":18}},"loc":{"start":{"line":5,"column":18},"end":{"line":7,"column":1}}},"2":{"name":"rolo","decl":{"start":{"line":9,"column":16},"end":{"line":9,"column":20}},"loc":{"start":{"line":9,"column":20},"end":{"line":11,"column":1}}}},"branchMap":{},"s":{"0":0,"1":1,"2":1,"3":1,"4":0,"5":1,"6":1},"f":{"0":0,"1":1,"2":0},"b":{}}
}
